This file contains any messages produced by compilers while
running configure, to aid debugging if configure makes a mistake.

It was created by configure, which was
generated by GNU Autoconf 2.69.  Invocation command line was

  $ ./configure 

## --------- ##
## Platform. ##
## --------- ##

hostname = lostvm
uname -m = x86_64
uname -r = 4.4.0-21-generic
uname -s = Linux
uname -v = #37-Ubuntu SMP Mon Apr 18 18:33:37 UTC 2016

/usr/bin/uname -p = unknown
/bin/uname -X     = unknown

/bin/arch              = unknown
/usr/bin/arch -k       = unknown
/usr/convex/getsysinfo = unknown
/usr/bin/hostinfo      = unknown
/bin/machine           = unknown
/usr/bin/oslevel       = unknown
/bin/universe          = unknown

PATH: /usr/local/sbin
PATH: /usr/local/bin
PATH: /usr/sbin
PATH: /usr/bin
PATH: /sbin
PATH: /bin
PATH: /usr/games
PATH: /usr/local/games


## ----------- ##
## Core tests. ##
## ----------- ##

configure:2315: checking for a BSD-compatible install
configure:2383: result: /usr/bin/install -c
configure:2394: checking whether build environment is sane
configure:2449: result: yes
configure:2600: checking for a thread-safe mkdir -p
configure:2639: result: /bin/mkdir -p
configure:2646: checking for gawk
configure:2662: found /usr/bin/gawk
configure:2673: result: gawk
configure:2684: checking whether make sets $(MAKE)
configure:2706: result: yes
configure:2735: checking whether make supports nested variables
configure:2752: result: yes
configure:2944: checking for g++
configure:2960: found /usr/bin/g++
configure:2971: result: g++
configure:2998: checking for C++ compiler version
configure:3007: g++ --version >&5
g++ (Ubuntu 5.3.1-14ubuntu2.1) 5.3.1 20160413
Copyright (C) 2015 Free Software Foundation, Inc.
This is free software; see the source for copying conditions.  There is NO
warranty; not even for MERCHANTABILITY or FITNESS FOR A PARTICULAR PURPOSE.

configure:3018: $? = 0
configure:3007: g++ -v >&5
Using built-in specs.
COLLECT_GCC=g++
COLLECT_LTO_WRAPPER=/usr/lib/gcc/x86_64-linux-gnu/5/lto-wrapper
Target: x86_64-linux-gnu
Configured with: ../src/configure -v --with-pkgversion='Ubuntu 5.3.1-14ubuntu2.1' --with-bugurl=file:///usr/share/doc/gcc-5/README.Bugs --enable-languages=c,ada,c++,java,go,d,fortran,objc,obj-c++ --prefix=/usr --program-suffix=-5 --enable-shared --enable-linker-build-id --libexecdir=/usr/lib --without-included-gettext --enable-threads=posix --libdir=/usr/lib --enable-nls --with-sysroot=/ --enable-clocale=gnu --enable-libstdcxx-debug --enable-libstdcxx-time=yes --with-default-libstdcxx-abi=new --enable-gnu-unique-object --disable-vtable-verify --enable-libmpx --enable-plugin --with-system-zlib --disable-browser-plugin --enable-java-awt=gtk --enable-gtk-cairo --with-java-home=/usr/lib/jvm/java-1.5.0-gcj-5-amd64/jre --enable-java-home --with-jvm-root-dir=/usr/lib/jvm/java-1.5.0-gcj-5-amd64 --with-jvm-jar-dir=/usr/lib/jvm-exports/java-1.5.0-gcj-5-amd64 --with-arch-directory=amd64 --with-ecj-jar=/usr/share/java/eclipse-ecj.jar --enable-objc-gc --enable-multiarch --disable-werror --with-arch-32=i686 --with-abi=m64 --with-multilib-list=m32,m64,mx32 --enable-multilib --with-tune=generic --enable-checking=release --build=x86_64-linux-gnu --host=x86_64-linux-gnu --target=x86_64-linux-gnu
Thread model: posix
gcc version 5.3.1 20160413 (Ubuntu 5.3.1-14ubuntu2.1) 
configure:3018: $? = 0
configure:3007: g++ -V >&5
g++: error: unrecognized command line option '-V'
g++: fatal error: no input files
compilation terminated.
configure:3018: $? = 1
configure:3007: g++ -qversion >&5
g++: error: unrecognized command line option '-qversion'
g++: fatal error: no input files
compilation terminated.
configure:3018: $? = 1
configure:3038: checking whether the C++ compiler works
configure:3060: g++    conftest.cpp  >&5
configure:3064: $? = 0
configure:3112: result: yes
configure:3115: checking for C++ compiler default output file name
configure:3117: result: a.out
configure:3123: checking for suffix of executables
configure:3130: g++ -o conftest    conftest.cpp  >&5
configure:3134: $? = 0
configure:3156: result: 
configure:3178: checking whether we are cross compiling
configure:3186: g++ -o conftest    conftest.cpp  >&5
configure:3190: $? = 0
configure:3197: ./conftest
configure:3201: $? = 0
configure:3216: result: no
configure:3221: checking for suffix of object files
configure:3243: g++ -c   conftest.cpp >&5
configure:3247: $? = 0
configure:3268: result: o
configure:3272: checking whether we are using the GNU C++ compiler
configure:3291: g++ -c   conftest.cpp >&5
configure:3291: $? = 0
configure:3300: result: yes
configure:3309: checking whether g++ accepts -g
configure:3329: g++ -c -g  conftest.cpp >&5
configure:3329: $? = 0
configure:3370: result: yes
configure:3404: checking for style of include used by make
configure:3432: result: GNU
configure:3458: checking dependency style of g++
configure:3569: result: gcc3
configure:3588: checking build system type
configure:3602: result: x86_64-pc-linux-gnu
configure:3622: checking host system type
configure:3635: result: x86_64-pc-linux-gnu
configure:4004: checking how to print strings
configure:4031: result: printf
configure:4100: checking for gcc
configure:4116: found /usr/bin/gcc
configure:4127: result: gcc
configure:4356: checking for C compiler version
configure:4365: gcc --version >&5
gcc (Ubuntu 5.3.1-14ubuntu2.1) 5.3.1 20160413
Copyright (C) 2015 Free Software Foundation, Inc.
This is free software; see the source for copying conditions.  There is NO
warranty; not even for MERCHANTABILITY or FITNESS FOR A PARTICULAR PURPOSE.

configure:4376: $? = 0
configure:4365: gcc -v >&5
Using built-in specs.
COLLECT_GCC=gcc
COLLECT_LTO_WRAPPER=/usr/lib/gcc/x86_64-linux-gnu/5/lto-wrapper
Target: x86_64-linux-gnu
Configured with: ../src/configure -v --with-pkgversion='Ubuntu 5.3.1-14ubuntu2.1' --with-bugurl=file:///usr/share/doc/gcc-5/README.Bugs --enable-languages=c,ada,c++,java,go,d,fortran,objc,obj-c++ --prefix=/usr --program-suffix=-5 --enable-shared --enable-linker-build-id --libexecdir=/usr/lib --without-included-gettext --enable-threads=posix --libdir=/usr/lib --enable-nls --with-sysroot=/ --enable-clocale=gnu --enable-libstdcxx-debug --enable-libstdcxx-time=yes --with-default-libstdcxx-abi=new --enable-gnu-unique-object --disable-vtable-verify --enable-libmpx --enable-plugin --with-system-zlib --disable-browser-plugin --enable-java-awt=gtk --enable-gtk-cairo --with-java-home=/usr/lib/jvm/java-1.5.0-gcj-5-amd64/jre --enable-java-home --with-jvm-root-dir=/usr/lib/jvm/java-1.5.0-gcj-5-amd64 --with-jvm-jar-dir=/usr/lib/jvm-exports/java-1.5.0-gcj-5-amd64 --with-arch-directory=amd64 --with-ecj-jar=/usr/share/java/eclipse-ecj.jar --enable-objc-gc --enable-multiarch --disable-werror --with-arch-32=i686 --with-abi=m64 --with-multilib-list=m32,m64,mx32 --enable-multilib --with-tune=generic --enable-checking=release --build=x86_64-linux-gnu --host=x86_64-linux-gnu --target=x86_64-linux-gnu
Thread model: posix
gcc version 5.3.1 20160413 (Ubuntu 5.3.1-14ubuntu2.1) 
configure:4376: $? = 0
configure:4365: gcc -V >&5
gcc: error: unrecognized command line option '-V'
gcc: fatal error: no input files
compilation terminated.
configure:4376: $? = 1
configure:4365: gcc -qversion >&5
gcc: error: unrecognized command line option '-qversion'
gcc: fatal error: no input files
compilation terminated.
configure:4376: $? = 1
configure:4380: checking whether we are using the GNU C compiler
configure:4399: gcc -c   conftest.c >&5
configure:4399: $? = 0
configure:4408: result: yes
configure:4417: checking whether gcc accepts -g
configure:4437: gcc -c -g  conftest.c >&5
configure:4437: $? = 0
configure:4478: result: yes
configure:4495: checking for gcc option to accept ISO C89
configure:4558: gcc  -c -g -O2  conftest.c >&5
configure:4558: $? = 0
configure:4571: result: none needed
configure:4596: checking whether gcc understands -c and -o together
configure:4618: gcc -c conftest.c -o conftest2.o
configure:4621: $? = 0
configure:4618: gcc -c conftest.c -o conftest2.o
configure:4621: $? = 0
configure:4633: result: yes
configure:4652: checking dependency style of gcc
configure:4763: result: gcc3
configure:4778: checking for a sed that does not truncate output
configure:4842: result: /bin/sed
configure:4860: checking for grep that handles long lines and -e
configure:4918: result: /bin/grep
configure:4923: checking for egrep
configure:4985: result: /bin/grep -E
configure:4990: checking for fgrep
configure:5052: result: /bin/grep -F
configure:5087: checking for ld used by gcc
configure:5154: result: /usr/bin/ld
configure:5161: checking if the linker (/usr/bin/ld) is GNU ld
configure:5176: result: yes
configure:5188: checking for BSD- or MS-compatible name lister (nm)
configure:5242: result: /usr/bin/nm -B
configure:5372: checking the name lister (/usr/bin/nm -B) interface
configure:5379: g++ -c -g -O2  conftest.cpp >&5
configure:5382: /usr/bin/nm -B "conftest.o"
configure:5385: output
0000000000000000 B some_variable
configure:5392: result: BSD nm
configure:5395: checking whether ln -s works
configure:5399: result: yes
configure:5407: checking the maximum length of command line arguments
configure:5538: result: 1572864
configure:5586: checking how to convert x86_64-pc-linux-gnu file names to x86_64-pc-linux-gnu format
configure:5626: result: func_convert_file_noop
configure:5633: checking how to convert x86_64-pc-linux-gnu file names to toolchain format
configure:5653: result: func_convert_file_noop
configure:5660: checking for /usr/bin/ld option to reload object files
configure:5667: result: -r
configure:5741: checking for objdump
configure:5768: result: objdump
configure:5797: checking how to recognize dependent libraries
configure:5997: result: pass_all
configure:6082: checking for dlltool
configure:6109: result: dlltool
configure:6139: checking how to associate runtime and link libraries
configure:6166: result: printf %s\n
configure:6227: checking for ar
configure:6243: found /usr/bin/ar
configure:6254: result: ar
configure:6291: checking for archiver @FILE support
configure:6308: g++ -c -g -O2  conftest.cpp >&5
configure:6308: $? = 0
configure:6311: ar cru libconftest.a @conftest.lst >&5
ar: `u' modifier ignored since `D' is the default (see `U')
configure:6314: $? = 0
configure:6319: ar cru libconftest.a @conftest.lst >&5
ar: `u' modifier ignored since `D' is the default (see `U')
ar: conftest.o: No such file or directory
configure:6322: $? = 1
configure:6334: result: @
configure:6392: checking for strip
configure:6408: found /usr/bin/strip
configure:6419: result: strip
configure:6491: checking for ranlib
configure:6507: found /usr/bin/ranlib
configure:6518: result: ranlib
configure:6620: checking command to parse /usr/bin/nm -B output from gcc object
configure:6773: g++ -c -g -O2  conftest.cpp >&5
configure:6776: $? = 0
configure:6780: /usr/bin/nm -B conftest.o \| sed -n -e 's/^.*[ ]\([ABCDGIRSTW][ABCDGIRSTW]*\)[ ][ ]*\([_A-Za-z][_A-Za-z0-9]*\)$/\1 \2 \2/p' | sed '/ __gnu_lto/d' \> conftest.nm
configure:6783: $? = 0
configure:6849: g++ -o conftest -g -O2   conftest.cpp conftstm.o >&5
configure:6852: $? = 0
configure:6890: result: ok
configure:6937: checking for sysroot
configure:6967: result: no
configure:6974: checking for a working dd
configure:7012: result: /bin/dd
configure:7016: checking how to truncate binary pipes
configure:7031: result: /bin/dd bs=4096 count=1
configure:7168: g++ -c -g -O2  conftest.cpp >&5
configure:7171: $? = 0
configure:7361: checking for mt
configure:7377: found /bin/mt
configure:7388: result: mt
configure:7411: checking if mt is a manifest tool
configure:7417: mt '-?'
configure:7425: result: no
configure:8102: checking how to run the C preprocessor
configure:8133: gcc -E  conftest.c
configure:8133: $? = 0
configure:8147: gcc -E  conftest.c
conftest.c:11:28: fatal error: ac_nonexistent.h: No such file or directory
compilation terminated.
configure:8147: $? = 1
configure: failed program was:
| /* confdefs.h */
| #define PACKAGE_NAME ""
| #define PACKAGE_TARNAME ""
| #define PACKAGE_VERSION ""
| #define PACKAGE_STRING ""
| #define PACKAGE_BUGREPORT ""
| #define PACKAGE_URL ""
| #define PACKAGE "mxl"
| #define VERSION "0.1"
| /* end confdefs.h.  */
| #include <ac_nonexistent.h>
configure:8172: result: gcc -E
configure:8192: gcc -E  conftest.c
configure:8192: $? = 0
configure:8206: gcc -E  conftest.c
conftest.c:11:28: fatal error: ac_nonexistent.h: No such file or directory
compilation terminated.
configure:8206: $? = 1
configure: failed program was:
| /* confdefs.h */
| #define PACKAGE_NAME ""
| #define PACKAGE_TARNAME ""
| #define PACKAGE_VERSION ""
| #define PACKAGE_STRING ""
| #define PACKAGE_BUGREPORT ""
| #define PACKAGE_URL ""
| #define PACKAGE "mxl"
| #define VERSION "0.1"
| /* end confdefs.h.  */
| #include <ac_nonexistent.h>
configure:8235: checking for ANSI C header files
configure:8255: gcc -c -g -O2  conftest.c >&5
configure:8255: $? = 0
configure:8328: gcc -o conftest -g -O2   conftest.c  >&5
configure:8328: $? = 0
configure:8328: ./conftest
configure:8328: $? = 0
configure:8339: result: yes
configure:8352: checking for sys/types.h
configure:8352: gcc -c -g -O2  conftest.c >&5
configure:8352: $? = 0
configure:8352: result: yes
configure:8352: checking for sys/stat.h
configure:8352: gcc -c -g -O2  conftest.c >&5
configure:8352: $? = 0
configure:8352: result: yes
configure:8352: checking for stdlib.h
configure:8352: gcc -c -g -O2  conftest.c >&5
configure:8352: $? = 0
configure:8352: result: yes
configure:8352: checking for string.h
configure:8352: gcc -c -g -O2  conftest.c >&5
configure:8352: $? = 0
configure:8352: result: yes
configure:8352: checking for memory.h
configure:8352: gcc -c -g -O2  conftest.c >&5
configure:8352: $? = 0
configure:8352: result: yes
configure:8352: checking for strings.h
configure:8352: gcc -c -g -O2  conftest.c >&5
configure:8352: $? = 0
configure:8352: result: yes
configure:8352: checking for inttypes.h
configure:8352: gcc -c -g -O2  conftest.c >&5
configure:8352: $? = 0
configure:8352: result: yes
configure:8352: checking for stdint.h
configure:8352: gcc -c -g -O2  conftest.c >&5
configure:8352: $? = 0
configure:8352: result: yes
configure:8352: checking for unistd.h
configure:8352: gcc -c -g -O2  conftest.c >&5
configure:8352: $? = 0
configure:8352: result: yes
configure:8366: checking for dlfcn.h
configure:8366: gcc -c -g -O2  conftest.c >&5
configure:8366: $? = 0
configure:8366: result: yes
configure:8630: checking for objdir
configure:8645: result: .libs
configure:8905: checking if gcc supports -fno-rtti -fno-exceptions
configure:8923: gcc -c -g -O2  -fno-rtti -fno-exceptions conftest.c >&5
cc1: warning: command line option '-fno-rtti' is valid for C++/ObjC++ but not for C
configure:8927: $? = 0
configure:8940: result: no
configure:9298: checking for gcc option to produce PIC
configure:9305: result: -fPIC -DPIC
configure:9313: checking if gcc PIC flag -fPIC -DPIC works
configure:9331: gcc -c -g -O2  -fPIC -DPIC -DPIC conftest.c >&5
configure:9335: $? = 0
configure:9348: result: yes
configure:9377: checking if gcc static flag -static works
configure:9405: result: yes
configure:9420: checking if gcc supports -c -o file.o
configure:9441: gcc -c -g -O2  -o out/conftest2.o conftest.c >&5
configure:9445: $? = 0
configure:9467: result: yes
configure:9475: checking if gcc supports -c -o file.o
configure:9522: result: yes
configure:9555: checking whether the gcc linker (/usr/bin/ld -m elf_x86_64) supports shared libraries
configure:10818: result: yes
configure:10855: checking whether -lc should be explicitly linked in
configure:10863: gcc -c -g -O2  conftest.c >&5
configure:10866: $? = 0
configure:10881: gcc -shared  -fPIC -DPIC conftest.o  -v -Wl,-soname -Wl,conftest -o conftest 2\>\&1 \| /bin/grep  -lc  \>/dev/null 2\>\&1
configure:10884: $? = 0
configure:10898: result: no
configure:11058: checking dynamic linker characteristics
configure:11639: gcc -o conftest -g -O2   -Wl,-rpath -Wl,/foo conftest.c  >&5
configure:11639: $? = 0
configure:11888: result: GNU/Linux ld.so
configure:12010: checking how to hardcode library paths into programs
configure:12035: result: immediate
configure:12583: checking whether stripping libraries is possible
configure:12588: result: yes
configure:12623: checking if libtool supports shared libraries
configure:12625: result: yes
configure:12628: checking whether to build shared libraries
configure:12653: result: yes
configure:12656: checking whether to build static libraries
configure:12660: result: yes
configure:12683: checking how to run the C++ preprocessor
configure:12710: g++ -E  conftest.cpp
configure:12710: $? = 0
configure:12724: g++ -E  conftest.cpp
conftest.cpp:23:28: fatal error: ac_nonexistent.h: No such file or directory
compilation terminated.
configure:12724: $? = 1
configure: failed program was:
| /* confdefs.h */
| #define PACKAGE_NAME ""
| #define PACKAGE_TARNAME ""
| #define PACKAGE_VERSION ""
| #define PACKAGE_STRING ""
| #define PACKAGE_BUGREPORT ""
| #define PACKAGE_URL ""
| #define PACKAGE "mxl"
| #define VERSION "0.1"
| #define STDC_HEADERS 1
| #define HAVE_SYS_TYPES_H 1
| #define HAVE_SYS_STAT_H 1
| #define HAVE_STDLIB_H 1
| #define HAVE_STRING_H 1
| #define HAVE_MEMORY_H 1
| #define HAVE_STRINGS_H 1
| #define HAVE_INTTYPES_H 1
| #define HAVE_STDINT_H 1
| #define HAVE_UNISTD_H 1
| #define HAVE_DLFCN_H 1
| #define LT_OBJDIR ".libs/"
| /* end confdefs.h.  */
| #include <ac_nonexistent.h>
configure:12749: result: g++ -E
configure:12769: g++ -E  conftest.cpp
configure:12769: $? = 0
configure:12783: g++ -E  conftest.cpp
conftest.cpp:23:28: fatal error: ac_nonexistent.h: No such file or directory
compilation terminated.
configure:12783: $? = 1
configure: failed program was:
| /* confdefs.h */
| #define PACKAGE_NAME ""
| #define PACKAGE_TARNAME ""
| #define PACKAGE_VERSION ""
| #define PACKAGE_STRING ""
| #define PACKAGE_BUGREPORT ""
| #define PACKAGE_URL ""
| #define PACKAGE "mxl"
| #define VERSION "0.1"
| #define STDC_HEADERS 1
| #define HAVE_SYS_TYPES_H 1
| #define HAVE_SYS_STAT_H 1
| #define HAVE_STDLIB_H 1
| #define HAVE_STRING_H 1
| #define HAVE_MEMORY_H 1
| #define HAVE_STRINGS_H 1
| #define HAVE_INTTYPES_H 1
| #define HAVE_STDINT_H 1
| #define HAVE_UNISTD_H 1
| #define HAVE_DLFCN_H 1
| #define LT_OBJDIR ".libs/"
| /* end confdefs.h.  */
| #include <ac_nonexistent.h>
configure:12945: checking for ld used by g++
configure:13012: result: /usr/bin/ld -m elf_x86_64
configure:13019: checking if the linker (/usr/bin/ld -m elf_x86_64) is GNU ld
configure:13034: result: yes
configure:13089: checking whether the g++ linker (/usr/bin/ld -m elf_x86_64) supports shared libraries
configure:14162: result: yes
configure:14198: g++ -c -g -O2  conftest.cpp >&5
configure:14201: $? = 0
configure:14682: checking for g++ option to produce PIC
configure:14689: result: -fPIC -DPIC
configure:14697: checking if g++ PIC flag -fPIC -DPIC works
configure:14715: g++ -c -g -O2  -fPIC -DPIC -DPIC conftest.cpp >&5
configure:14719: $? = 0
configure:14732: result: yes
configure:14755: checking if g++ static flag -static works
configure:14783: result: yes
configure:14795: checking if g++ supports -c -o file.o
configure:14816: g++ -c -g -O2  -o out/conftest2.o conftest.cpp >&5
configure:14820: $? = 0
configure:14842: result: yes
configure:14847: checking if g++ supports -c -o file.o
configure:14894: result: yes
configure:14924: checking whether the g++ linker (/usr/bin/ld -m elf_x86_64) supports shared libraries
configure:14967: result: yes
configure:15108: checking dynamic linker characteristics
configure:15865: result: GNU/Linux ld.so
configure:15930: checking how to hardcode library paths into programs
configure:15955: result: immediate
configure:16016: checking whether ln -s works
configure:16020: result: yes
configure:16070: checking for ranlib
configure:16097: result: ranlib
configure:16119: checking whether make sets $(MAKE)
configure:16141: result: yes
configure:16262: checking that generated files are newer than configure
configure:16268: result: done
configure:16295: creating ./config.status

## ---------------------- ##
## Running config.status. ##
## ---------------------- ##

This file was extended by config.status, which was
generated by GNU Autoconf 2.69.  Invocation command line was

  CONFIG_FILES    = 
  CONFIG_HEADERS  = 
  CONFIG_LINKS    = 
  CONFIG_COMMANDS = 
  $ ./config.status 

on lostvm

config.status:1150: creating Makefile
config.status:1150: creating source/Makefile
config.status:1150: creating config.h
config.status:1379: executing depfiles commands
config.status:1379: executing libtool commands

## ---------------- ##
## Cache variables. ##
## ---------------- ##

ac_cv_build=x86_64-pc-linux-gnu
ac_cv_c_compiler_gnu=yes
ac_cv_cxx_compiler_gnu=yes
ac_cv_env_CCC_set=
ac_cv_env_CCC_value=
ac_cv_env_CC_set=
ac_cv_env_CC_value=
ac_cv_env_CFLAGS_set=
ac_cv_env_CFLAGS_value=
ac_cv_env_CPPFLAGS_set=
ac_cv_env_CPPFLAGS_value=
ac_cv_env_CPP_set=
ac_cv_env_CPP_value=
ac_cv_env_CXXCPP_set=
ac_cv_env_CXXCPP_value=
ac_cv_env_CXXFLAGS_set=
ac_cv_env_CXXFLAGS_value=
ac_cv_env_CXX_set=
ac_cv_env_CXX_value=
ac_cv_env_LDFLAGS_set=
ac_cv_env_LDFLAGS_value=
ac_cv_env_LIBS_set=
ac_cv_env_LIBS_value=
ac_cv_env_LT_SYS_LIBRARY_PATH_set=
ac_cv_env_LT_SYS_LIBRARY_PATH_value=
ac_cv_env_build_alias_set=
ac_cv_env_build_alias_value=
ac_cv_env_host_alias_set=
ac_cv_env_host_alias_value=
ac_cv_env_target_alias_set=
ac_cv_env_target_alias_value=
ac_cv_header_dlfcn_h=yes
ac_cv_header_inttypes_h=yes
ac_cv_header_memory_h=yes
ac_cv_header_stdc=yes
ac_cv_header_stdint_h=yes
ac_cv_header_stdlib_h=yes
ac_cv_header_string_h=yes
ac_cv_header_strings_h=yes
ac_cv_header_sys_stat_h=yes
ac_cv_header_sys_types_h=yes
ac_cv_header_unistd_h=yes
ac_cv_host=x86_64-pc-linux-gnu
ac_cv_objext=o
ac_cv_path_EGREP='/bin/grep -E'
ac_cv_path_FGREP='/bin/grep -F'
ac_cv_path_GREP=/bin/grep
ac_cv_path_SED=/bin/sed
ac_cv_path_install='/usr/bin/install -c'
ac_cv_path_lt_DD=/bin/dd
ac_cv_path_mkdir=/bin/mkdir
ac_cv_prog_AWK=gawk
ac_cv_prog_CPP='gcc -E'
ac_cv_prog_CXXCPP='g++ -E'
ac_cv_prog_ac_ct_AR=ar
ac_cv_prog_ac_ct_CC=gcc
ac_cv_prog_ac_ct_CXX=g++
ac_cv_prog_ac_ct_DLLTOOL=dlltool
ac_cv_prog_ac_ct_MANIFEST_TOOL=mt
ac_cv_prog_ac_ct_OBJDUMP=objdump
ac_cv_prog_ac_ct_RANLIB=ranlib
ac_cv_prog_ac_ct_STRIP=strip
ac_cv_prog_cc_c89=
ac_cv_prog_cc_g=yes
ac_cv_prog_cxx_g=yes
ac_cv_prog_make_make_set=yes
am_cv_CC_dependencies_compiler_type=gcc3
am_cv_CXX_dependencies_compiler_type=gcc3
am_cv_make_support_nested_variables=yes
am_cv_prog_cc_c_o=yes
lt_cv_ar_at_file=@
lt_cv_archive_cmds_need_lc=no
lt_cv_deplibs_check_method=pass_all
lt_cv_file_magic_cmd='$MAGIC_CMD'
lt_cv_file_magic_test_file=
lt_cv_ld_reload_flag=-r
lt_cv_nm_interface='BSD nm'
lt_cv_objdir=.libs
lt_cv_path_LD=/usr/bin/ld
lt_cv_path_LDCXX='/usr/bin/ld -m elf_x86_64'
lt_cv_path_NM='/usr/bin/nm -B'
lt_cv_path_mainfest_tool=no
lt_cv_prog_compiler_c_o=yes
lt_cv_prog_compiler_c_o_CXX=yes
lt_cv_prog_compiler_pic='-fPIC -DPIC'
lt_cv_prog_compiler_pic_CXX='-fPIC -DPIC'
lt_cv_prog_compiler_pic_works=yes
lt_cv_prog_compiler_pic_works_CXX=yes
lt_cv_prog_compiler_rtti_exceptions=no
lt_cv_prog_compiler_static_works=yes
lt_cv_prog_compiler_static_works_CXX=yes
lt_cv_prog_gnu_ld=yes
lt_cv_prog_gnu_ldcxx=yes
lt_cv_sharedlib_from_linklib_cmd='printf %s\n'
lt_cv_shlibpath_overrides_runpath=no
lt_cv_sys_global_symbol_pipe='sed -n -e '\''s/^.*[	 ]\([ABCDGIRSTW][ABCDGIRSTW]*\)[	 ][	 ]*\([_A-Za-z][_A-Za-z0-9]*\)$/\1 \2 \2/p'\'' | sed '\''/ __gnu_lto/d'\'''
lt_cv_sys_global_symbol_to_c_name_address='sed -n -e '\''s/^: \(.*\) .*$/  {"\1", (void *) 0},/p'\'' -e '\''s/^[ABCDGIRSTW][ABCDGIRSTW]* .* \(.*\)$/  {"\1", (void *) \&\1},/p'\'''
lt_cv_sys_global_symbol_to_c_name_address_lib_prefix='sed -n -e '\''s/^: \(.*\) .*$/  {"\1", (void *) 0},/p'\'' -e '\''s/^[ABCDGIRSTW][ABCDGIRSTW]* .* \(lib.*\)$/  {"\1", (void *) \&\1},/p'\'' -e '\''s/^[ABCDGIRSTW][ABCDGIRSTW]* .* \(.*\)$/  {"lib\1", (void *) \&\1},/p'\'''
lt_cv_sys_global_symbol_to_cdecl='sed -n -e '\''s/^T .* \(.*\)$/extern int \1();/p'\'' -e '\''s/^[ABCDGIRSTW][ABCDGIRSTW]* .* \(.*\)$/extern char \1;/p'\'''
lt_cv_sys_global_symbol_to_import=
lt_cv_sys_max_cmd_len=1572864
lt_cv_to_host_file_cmd=func_convert_file_noop
lt_cv_to_tool_file_cmd=func_convert_file_noop
lt_cv_truncate_bin='/bin/dd bs=4096 count=1'

## ----------------- ##
## Output variables. ##
## ----------------- ##

ACLOCAL='${SHELL} /home/jared/Desktop/mxl/missing aclocal-1.15'
AMDEPBACKSLASH='\'
AMDEP_FALSE='#'
AMDEP_TRUE=''
AMTAR='$${TAR-tar}'
AM_BACKSLASH='\'
AM_DEFAULT_V='$(AM_DEFAULT_VERBOSITY)'
AM_DEFAULT_VERBOSITY='1'
AM_V='$(V)'
AR='ar'
AS='as'
AUTOCONF='${SHELL} /home/jared/Desktop/mxl/missing autoconf'
AUTOHEADER='${SHELL} /home/jared/Desktop/mxl/missing autoheader'
AUTOMAKE='${SHELL} /home/jared/Desktop/mxl/missing automake-1.15'
AWK='gawk'
CC='gcc'
CCDEPMODE='depmode=gcc3'
CFLAGS='-g -O2'
CPP='gcc -E'
CPPFLAGS=''
CXX='g++'
CXXCPP='g++ -E'
CXXDEPMODE='depmode=gcc3'
CXXFLAGS='-g -O2'
CYGPATH_W='echo'
DEFS='-DHAVE_CONFIG_H'
DEPDIR='.deps'
DLLTOOL='dlltool'
DSYMUTIL=''
DUMPBIN=''
ECHO_C=''
ECHO_N='-n'
ECHO_T=''
EGREP='/bin/grep -E'
EXEEXT=''
FGREP='/bin/grep -F'
GREP='/bin/grep'
INSTALL_DATA='${INSTALL} -m 644'
INSTALL_PROGRAM='${INSTALL}'
INSTALL_SCRIPT='${INSTALL}'
INSTALL_STRIP_PROGRAM='$(install_sh) -c -s'
LD='/usr/bin/ld -m elf_x86_64'
LDFLAGS=''
LIBOBJS=''
LIBS=''
LIBTOOL='$(SHELL) $(top_builddir)/libtool'
LIPO=''
LN_S='ln -s'
LTLIBOBJS=''
LT_SYS_LIBRARY_PATH=''
MAKEINFO='${SHELL} /home/jared/Desktop/mxl/missing makeinfo'
MANIFEST_TOOL=':'
MKDIR_P='/bin/mkdir -p'
NM='/usr/bin/nm -B'
NMEDIT=''
OBJDUMP='objdump'
OBJEXT='o'
OTOOL64=''
OTOOL=''
PACKAGE='mxl'
PACKAGE_BUGREPORT=''
PACKAGE_NAME=''
PACKAGE_STRING=''
PACKAGE_TARNAME=''
PACKAGE_URL=''
PACKAGE_VERSION=''
PATH_SEPARATOR=':'
RANLIB='ranlib'
SED='/bin/sed'
SET_MAKE=''
SHELL='/bin/bash'
STRIP='strip'
VERSION='0.1'
ac_ct_AR='ar'
ac_ct_CC='gcc'
ac_ct_CXX='g++'
ac_ct_DUMPBIN=''
am__EXEEXT_FALSE=''
am__EXEEXT_TRUE='#'
am__fastdepCC_FALSE='#'
am__fastdepCC_TRUE=''
am__fastdepCXX_FALSE='#'
am__fastdepCXX_TRUE=''
am__include='include'
am__isrc=''
am__leading_dot='.'
am__nodep='_no'
am__quote=''
am__tar='$${TAR-tar} chof - "$$tardir"'
am__untar='$${TAR-tar} xf -'
bindir='${exec_prefix}/bin'
build='x86_64-pc-linux-gnu'
build_alias=''
build_cpu='x86_64'
build_os='linux-gnu'
build_vendor='pc'
datadir='${datarootdir}'
datarootdir='${prefix}/share'
docdir='${datarootdir}/doc/${PACKAGE}'
dvidir='${docdir}'
exec_prefix='${prefix}'
host='x86_64-pc-linux-gnu'
host_alias=''
host_cpu='x86_64'
host_os='linux-gnu'
host_vendor='pc'
htmldir='${docdir}'
includedir='${prefix}/include'
infodir='${datarootdir}/info'
install_sh='${SHELL} /home/jared/Desktop/mxl/install-sh'
libdir='${exec_prefix}/lib'
libexecdir='${exec_prefix}/libexec'
localedir='${datarootdir}/locale'
localstatedir='${prefix}/var'
mandir='${datarootdir}/man'
mkdir_p='$(MKDIR_P)'
oldincludedir='/usr/include'
pdfdir='${docdir}'
prefix='/usr/local'
program_transform_name='s,x,x,'
psdir='${docdir}'
runstatedir='${localstatedir}/run'
sbindir='${exec_prefix}/sbin'
sharedstatedir='${prefix}/com'
sysconfdir='${prefix}/etc'
target_alias=''

## ----------- ##
## confdefs.h. ##
## ----------- ##

/* confdefs.h */
#define PACKAGE_NAME ""
#define PACKAGE_TARNAME ""
#define PACKAGE_VERSION ""
#define PACKAGE_STRING ""
#define PACKAGE_BUGREPORT ""
#define PACKAGE_URL ""
#define PACKAGE "mxl"
#define VERSION "0.1"
#define STDC_HEADERS 1
#define HAVE_SYS_TYPES_H 1
#define HAVE_SYS_STAT_H 1
#define HAVE_STDLIB_H 1
#define HAVE_STRING_H 1
#define HAVE_MEMORY_H 1
#define HAVE_STRINGS_H 1
#define HAVE_INTTYPES_H 1
#define HAVE_STDINT_H 1
#define HAVE_UNISTD_H 1
#define HAVE_DLFCN_H 1
#define LT_OBJDIR ".libs/"

configure: exit 0
